<?xml version="1.0" encoding="UTF-8"?>
<!-- Generated by org.testng.reporters.JUnitReportReporter -->
<testsuite hostname="TYSS-Abhay-Kumar" failures="0" tests="1" name="trickychallanges.SeleniumTrickyChallengesTest" time="0.064" errors="0" timestamp="2025-09-28T00:26:40 IST" skipped="0">
  <testcase classname="trickychallanges.SeleniumTrickyChallengesTest" name="testDragAndDrop" time="0.064"/>
  <system-out/>
</testsuite> <!-- trickychallanges.SeleniumTrickyChallengesTest -->
