<?xml version="1.0" encoding="UTF-8"?>
<!-- Generated by org.testng.reporters.JUnitReportReporter -->
<testsuite hostname="TYSS-Abhay-Kumar" failures="0" tests="1" name="ExecutionTime" time="0.011" errors="0" timestamp="2025-09-27T14:54:35 IST" skipped="0">
  <testcase classname="ExecutionTime" name="executionTime" time="0.011"/>
  <system-out/>
</testsuite> <!-- ExecutionTime -->
