<?xml version="1.0" encoding="UTF-8"?>
<!-- Generated by org.testng.reporters.JUnitReportReporter -->
<testsuite hostname="TYSS-Abhay-Kumar" failures="0" tests="1" name="hoveringSequence.HoverClickWindowGeneric" time="0.010" errors="0" timestamp="2025-09-27T12:43:30 IST" skipped="0">
  <testcase classname="hoveringSequence.HoverClickWindowGeneric" name="testMethod" time="0.010"/>
  <system-out/>
</testsuite> <!-- hoveringSequence.HoverClickWindowGeneric -->
