<?xml version="1.0" encoding="UTF-8"?>
<!-- Generated by org.testng.reporters.JUnitReportReporter -->
<testsuite hostname="TYSS-Abhay-Kumar" failures="0" tests="1" name="paginationUsingJava.TestClass" time="0.029" errors="0" timestamp="2025-09-25T12:26:05 IST" skipped="0">
  <testcase classname="paginationUsingJava.TestClass" name="sampleTest" time="0.029"/>
  <system-out/>
</testsuite> <!-- paginationUsingJava.TestClass -->
